c:\users\clifford\source\office\clipboardextender\debug\vc141.pdb
c:\users\clifford\source\office\clipboardextender\debug\vc141.idb
c:\users\clifford\source\office\clipboardextender\debug\clipboardextender_app.obj
c:\users\clifford\source\office\clipboardextender\debug\clipboardextender_mainwindow.obj
c:\users\clifford\source\office\clipboardextender\debug\clipboardeventssink.obj
c:\users\clifford\source\office\clipboardextender\debug\iunknownmacros.obj
c:\users\clifford\source\office\clipboardextender\debug\clipboardtoword_i.obj
c:\users\clifford\source\office\clipboardextender\debug\vcpkg.applocal.log
c:\users\clifford\source\office\build\debug\clipboardextender.exe
c:\users\clifford\source\office\build\debug\clipboardextender.ilk
c:\users\clifford\source\office\build\debug\clipboardextender.pdb
c:\users\clifford\source\office\clipboardextender\debug\clipboardextender.res
c:\users\clifford\source\office\clipboardextender\debug\clipboar.8872628a.tlog\cl.command.1.tlog
c:\users\clifford\source\office\clipboardextender\debug\clipboar.8872628a.tlog\cl.read.1.tlog
c:\users\clifford\source\office\clipboardextender\debug\clipboar.8872628a.tlog\cl.write.1.tlog
c:\users\clifford\source\office\clipboardextender\debug\clipboar.8872628a.tlog\clipboardextender.write.1u.tlog
c:\users\clifford\source\office\clipboardextender\debug\clipboar.8872628a.tlog\link.command.1.tlog
c:\users\clifford\source\office\clipboardextender\debug\clipboar.8872628a.tlog\link.read.1.tlog
c:\users\clifford\source\office\clipboardextender\debug\clipboar.8872628a.tlog\link.write.1.tlog
c:\users\clifford\source\office\clipboardextender\debug\clipboar.8872628a.tlog\rc.command.1.tlog
c:\users\clifford\source\office\clipboardextender\debug\clipboar.8872628a.tlog\rc.read.1.tlog
c:\users\clifford\source\office\clipboardextender\debug\clipboar.8872628a.tlog\rc.write.1.tlog
