c:\users\clifford\source\office\clipboardextender\release\vc141.pdb
c:\users\clifford\source\office\clipboardextender\release\clipboardextender_app.obj
c:\users\clifford\source\office\clipboardextender\release\clipboardeventssink.obj
c:\users\clifford\source\office\clipboardextender\release\clipboardextender_mainwindow.obj
c:\users\clifford\source\office\clipboardextender\release\iunknownmacros.obj
c:\users\clifford\source\office\clipboardextender\release\clipboardtoword_i.obj
c:\users\clifford\source\office\build\release\clipboardextender.ipdb
c:\users\clifford\source\office\build\release\clipboardextender.iobj
c:\users\clifford\source\office\clipboardextender\release\vcpkg.applocal.log
c:\users\clifford\source\office\build\release\clipboardextender.exe
c:\users\clifford\source\office\build\release\clipboardextender.pdb
c:\users\clifford\source\office\clipboardextender\release\clipboardextender.res
c:\users\clifford\source\office\clipboardextender\release\clipboar.8872628a.tlog\cl.command.1.tlog
c:\users\clifford\source\office\clipboardextender\release\clipboar.8872628a.tlog\cl.read.1.tlog
c:\users\clifford\source\office\clipboardextender\release\clipboar.8872628a.tlog\cl.write.1.tlog
c:\users\clifford\source\office\clipboardextender\release\clipboar.8872628a.tlog\clipboardextender.write.1u.tlog
c:\users\clifford\source\office\clipboardextender\release\clipboar.8872628a.tlog\link.command.1.tlog
c:\users\clifford\source\office\clipboardextender\release\clipboar.8872628a.tlog\link.read.1.tlog
c:\users\clifford\source\office\clipboardextender\release\clipboar.8872628a.tlog\link.write.1.tlog
c:\users\clifford\source\office\clipboardextender\release\clipboar.8872628a.tlog\rc.command.1.tlog
c:\users\clifford\source\office\clipboardextender\release\clipboar.8872628a.tlog\rc.read.1.tlog
c:\users\clifford\source\office\clipboardextender\release\clipboar.8872628a.tlog\rc.write.1.tlog
